<?xml version="1.0" encoding="UTF-8"?>
<!-- Generated by org.testng.reporters.JUnitXMLReporter -->
<testsuite ignored="0" hostname="LM0003262" failures="3" tests="23" name="ITuneSearchAPITest" time="11.267" errors="0" timestamp="2023-07-31T00:34:34 IST">
  <testcase classname="com.apple.developer.itunes.search.api.test.TestSearchAPIForParameterKeyTerm" name="testSearchWithDifferentParams" time="5.206"/>
  <testcase classname="com.apple.developer.itunes.search.api.test.TestSearchAPIForParameterKeyTerm" name="testSearchWithDifferentParams" time="0.207"/>
  <testcase classname="com.apple.developer.itunes.search.api.test.TestSearchAPIForParameterKeyTerm" name="testSearchWithDifferentParams" time="0.216"/>
  <testcase classname="com.apple.developer.itunes.search.api.test.TestSearchAPIForParameterKeyTerm" name="testSearchWithDifferentParams" time="0.127"/>
  <testcase classname="com.apple.developer.itunes.search.api.test.TestSearchAPIForParameterKeyTerm" name="testSearchWithDifferentParams" time="0.158"/>
  <testcase classname="com.apple.developer.itunes.search.api.test.TestSearchAPIForParameterKeyTerm" name="testSearchWithDifferentParams" time="0.161">
    <failure type="java.lang.AssertionError" message="expected [true] but found [false]">
      <![CDATA[java.lang.AssertionError: expected [true] but found [false]
at com.apple.developer.itunes.search.api.test.TestSearchAPIForParameterKeyTerm.testSearchWithDifferentParams(TestSearchAPIForParameterKeyTerm.java:52)
at java.base/java.util.ArrayList.forEach(ArrayList.java:1541)
... Removed 35 stack frames]]>
    </failure>
  </testcase> <!-- testSearchWithDifferentParams -->
  <testcase classname="com.apple.developer.itunes.search.api.test.TestSearchAPIForParameterKeyTerm" name="testSearchWithDifferentParams" time="0.137">
    <failure type="java.lang.AssertionError" message="expected [true] but found [false]">
      <![CDATA[java.lang.AssertionError: expected [true] but found [false]
at com.apple.developer.itunes.search.api.test.TestSearchAPIForParameterKeyTerm.testSearchWithDifferentParams(TestSearchAPIForParameterKeyTerm.java:52)
at java.base/java.util.ArrayList.forEach(ArrayList.java:1541)
... Removed 35 stack frames]]>
    </failure>
  </testcase> <!-- testSearchWithDifferentParams -->
  <testcase classname="com.apple.developer.itunes.search.api.test.TestSearchAPIForParameterKeyTerm" name="testSearchWithDifferentParams" time="0.136"/>
  <testcase classname="com.apple.developer.itunes.search.api.test.TestSearchAPIForParameterKeyTerm" name="testSearchWithDifferentParams" time="0.191">
    <failure type="java.lang.AssertionError" message="expected [true] but found [false]">
      <![CDATA[java.lang.AssertionError: expected [true] but found [false]
at com.apple.developer.itunes.search.api.test.TestSearchAPIForParameterKeyTerm.testSearchWithDifferentParams(TestSearchAPIForParameterKeyTerm.java:52)
at java.base/java.util.ArrayList.forEach(ArrayList.java:1541)
... Removed 35 stack frames]]>
    </failure>
  </testcase> <!-- testSearchWithDifferentParams -->
  <testcase classname="com.apple.developer.itunes.search.api.test.TestSearchAPIForParameterKeyTerm" name="testSearchWithDifferentParams" time="0.325"/>
  <testcase classname="com.apple.developer.itunes.search.api.test.TestSearchAPIForParameterKeyTerm" name="testSearchWithDifferentParams" time="0.278"/>
  <testcase classname="com.apple.developer.itunes.search.api.test.TestSearchAPIForParameterKeyTerm" name="testSearchWithDifferentParams" time="0.308"/>
  <testcase classname="com.apple.developer.itunes.search.api.test.TestSearchAPIForParameterKeyTerm" name="testSearchWithDifferentParams" time="0.168"/>
  <testcase classname="com.apple.developer.itunes.search.api.test.TestSearchAPIForParameterKeyTerm" name="testSearchWithDifferentParams" time="0.138"/>
  <testcase classname="com.apple.developer.itunes.search.api.test.TestSearchAPIForParameterKeyLookup" name="testLookupWithDifferentParams" time="0.222"/>
  <testcase classname="com.apple.developer.itunes.search.api.test.TestSearchAPIForParameterKeyLookup" name="testLookupWithDifferentParams" time="0.156"/>
  <testcase classname="com.apple.developer.itunes.search.api.test.TestSearchAPIForParameterKeyLookup" name="testLookupWithDifferentParams" time="0.722"/>
  <testcase classname="com.apple.developer.itunes.search.api.test.TestSearchAPIForParameterKeyLookup" name="testLookupWithDifferentParams" time="0.155"/>
  <testcase classname="com.apple.developer.itunes.search.api.test.TestSearchAPIForParameterKeyLookup" name="testLookupWithDifferentParams" time="0.202"/>
  <testcase classname="com.apple.developer.itunes.search.api.test.TestSearchAPIForParameterKeyLookup" name="testLookupWithDifferentParams" time="0.134"/>
  <testcase classname="com.apple.developer.itunes.search.api.test.TestSearchAPIForParameterKeyLookup" name="testLookupWithDifferentParams" time="0.178"/>
  <testcase classname="com.apple.developer.itunes.search.api.test.TestSearchAPIForParameterKeyLookup" name="testLookupWithDifferentParams" time="0.117"/>
  <testcase classname="com.apple.developer.itunes.search.api.test.TestSearchAPIForParameterKeyLookup" name="testLookupWithDifferentParams" time="0.104"/>
</testsuite> <!-- ITuneSearchAPITest -->
